[Analysis of iris_with_header.data]
Number of records: 150

------------------ KMP analysis ------------------
KMP 0: 7 [70, 72, 83, 106, 119, 133, 134]
KMP 1: 3 [68, 138, 146]
KMP 2: 5 [77, 101, 110, 142, 149]
KMP 3: 2 [123, 127]
KMP 4: 1 [63]

---------- KMP analysis after cleaning -----------
KMP 0: 0 []
KMP 1: 0 []
KMP 2: 2 [75, 106]
KMP 3: 1 [131]
KMP 4: 3 [63, 121, 122]

Number of records after cleaning: 143

----------- Classifier accuracy scores -----------
k nearest neighbour: 100%
support vector machine: 98%
random forest: 96%
ensemble learning vote: 100%
