[5.1, 3.5, 1.4, 0.2, 10.2]
[4.9, 3.0, 1.4, 0.2, 9.8]
[4.7, 3.2, 1.3, 0.2, 9.4]
[4.6, 3.1, 1.5, 0.2, 9.2]
[5.0, 3.6, 1.4, 0.2, 10.0]
[5.4, 3.9, 1.7, 0.4, 10.8]
[4.6, 3.4, 1.4, 0.3, 9.2]
[5.0, 3.4, 1.5, 0.2, 10.0]
[4.4, 2.9, 1.4, 0.2, 8.8]
[4.9, 3.1, 1.5, 0.1, 9.8]
[5.4, 3.7, 1.5, 0.2, 10.8]
[4.8, 3.4, 1.6, 0.2, 9.6]
[4.8, 3.0, 1.4, 0.1, 9.6]
[4.3, 3.0, 1.1, 0.1, 8.6]
[5.8, 4.0, 1.2, 0.2, 11.6]
[5.7, 4.4, 1.5, 0.4, 11.4]
[5.4, 3.9, 1.3, 0.4, 10.8]
[5.1, 3.5, 1.4, 0.3, 10.2]
[5.7, 3.8, 1.7, 0.3, 11.4]
[5.1, 3.8, 1.5, 0.3, 10.2]
[5.4, 3.4, 1.7, 0.2, 10.8]
[5.1, 3.7, 1.5, 0.4, 10.2]
[4.6, 3.6, 1.0, 0.2, 9.2]
[5.1, 3.3, 1.7, 0.5, 10.2]
[4.8, 3.4, 1.9, 0.2, 9.6]
[5.0, 3.0, 1.6, 0.2, 10.0]
[5.0, 3.4, 1.6, 0.4, 10.0]
[5.2, 3.5, 1.5, 0.2, 10.4]
[5.2, 3.4, 1.4, 0.2, 10.4]
[4.7, 3.2, 1.6, 0.2, 9.4]
[4.8, 3.1, 1.6, 0.2, 9.6]
[5.4, 3.4, 1.5, 0.4, 10.8]
[5.2, 4.1, 1.5, 0.1, 10.4]
[5.5, 4.2, 1.4, 0.2, 11.0]
[4.9, 3.1, 1.5, 0.1, 9.8]
[5.0, 3.2, 1.2, 0.2, 10.0]
[5.5, 3.5, 1.3, 0.2, 11.0]
[4.9, 3.1, 1.5, 0.1, 9.8]
[4.4, 3.0, 1.3, 0.2, 8.8]
[5.1, 3.4, 1.5, 0.2, 10.2]
[5.0, 3.5, 1.3, 0.3, 10.0]
[4.5, 2.3, 1.3, 0.3, 9.0]
[4.4, 3.2, 1.3, 0.2, 8.8]
[5.0, 3.5, 1.6, 0.6, 10.0]
[5.1, 3.8, 1.9, 0.4, 10.2]
[4.8, 3.0, 1.4, 0.3, 9.6]
[5.1, 3.8, 1.6, 0.2, 10.2]
[4.6, 3.2, 1.4, 0.2, 9.2]
[5.3, 3.7, 1.5, 0.2, 10.6]
[5.0, 3.3, 1.4, 0.2, 10.0]
[7.0, 3.2, 4.7, 1.4, 14.0]
[6.4, 3.2, 4.5, 1.5, 12.8]
[6.9, 3.1, 4.9, 1.5, 13.8]
[5.5, 2.3, 4.0, 1.3, 11.0]
[6.5, 2.8, 4.6, 1.5, 13.0]
[5.7, 2.8, 4.5, 1.3, 11.4]
[6.3, 3.3, 4.7, 1.6, 12.6]
[4.9, 2.4, 3.3, 1.0, 9.8]
[6.6, 2.9, 4.6, 1.3, 13.2]
[5.2, 2.7, 3.9, 1.4, 10.4]
[5.0, 2.0, 3.5, 1.0, 10.0]
[5.9, 3.0, 4.2, 1.5, 11.8]
[6.0, 2.2, 4.0, 1.0, 12.0]
[6.1, 2.9, 4.7, 1.4, 12.2]
[5.6, 2.9, 3.6, 1.3, 11.2]
[6.7, 3.1, 4.4, 1.4, 13.4]
[5.6, 3.0, 4.5, 1.5, 11.2]
[5.8, 2.7, 4.1, 1.0, 11.6]
[6.2, 2.2, 4.5, 1.5, 12.4]
[5.6, 2.5, 3.9, 1.1, 11.2]
[5.9, 3.2, 4.8, 1.8, 11.8]
[6.1, 2.8, 4.0, 1.3, 12.2]
[6.3, 2.5, 4.9, 1.5, 12.6]
[6.1, 2.8, 4.7, 1.2, 12.2]
[6.4, 2.9, 4.3, 1.3, 12.8]
[6.6, 3.0, 4.4, 1.4, 13.2]
[6.8, 2.8, 4.8, 1.4, 13.6]
[6.7, 3.0, 5.0, 1.7, 13.4]
[6.0, 2.9, 4.5, 1.5, 12.0]
[5.7, 2.6, 3.5, 1.0, 11.4]
[5.5, 2.4, 3.8, 1.1, 11.0]
[5.5, 2.4, 3.7, 1.0, 11.0]
[5.8, 2.7, 3.9, 1.2, 11.6]
[6.0, 2.7, 5.1, 1.6, 12.0]
[5.4, 3.0, 4.5, 1.5, 10.8]
[6.0, 3.4, 4.5, 1.6, 12.0]
[6.7, 3.1, 4.7, 1.5, 13.4]
[6.3, 2.3, 4.4, 1.3, 12.6]
[5.6, 3.0, 4.1, 1.3, 11.2]
[5.5, 2.5, 4.0, 1.3, 11.0]
[5.5, 2.6, 4.4, 1.2, 11.0]
[6.1, 3.0, 4.6, 1.4, 12.2]
[5.8, 2.6, 4.0, 1.2, 11.6]
[5.0, 2.3, 3.3, 1.0, 10.0]
[5.6, 2.7, 4.2, 1.3, 11.2]
[5.7, 3.0, 4.2, 1.2, 11.4]
[5.7, 2.9, 4.2, 1.3, 11.4]
[6.2, 2.9, 4.3, 1.3, 12.4]
[5.1, 2.5, 3.0, 1.1, 10.2]
[5.7, 2.8, 4.1, 1.3, 11.4]
[6.3, 3.3, 6.0, 2.5, 12.6]
[5.8, 2.7, 5.1, 1.9, 11.6]
[7.1, 3.0, 5.9, 2.1, 14.2]
[6.3, 2.9, 5.6, 1.8, 12.6]
[6.5, 3.0, 5.8, 2.2, 13.0]
[7.6, 3.0, 6.6, 2.1, 15.2]
[4.9, 2.5, 4.5, 1.7, 9.8]
[7.3, 2.9, 6.3, 1.8, 14.6]
[6.7, 2.5, 5.8, 1.8, 13.4]
[7.2, 3.6, 6.1, 2.5, 14.4]
[6.5, 3.2, 5.1, 2.0, 13.0]
[6.4, 2.7, 5.3, 1.9, 12.8]
[6.8, 3.0, 5.5, 2.1, 13.6]
[5.7, 2.5, 5.0, 2.0, 11.4]
[5.8, 2.8, 5.1, 2.4, 11.6]
[6.4, 3.2, 5.3, 2.3, 12.8]
[6.5, 3.0, 5.5, 1.8, 13.0]
[7.7, 3.8, 6.7, 2.2, 15.4]
[7.7, 2.6, 6.9, 2.3, 15.4]
[6.0, 2.2, 5.0, 1.5, 12.0]
[6.9, 3.2, 5.7, 2.3, 13.8]
[5.6, 2.8, 4.9, 2.0, 11.2]
[7.7, 2.8, 6.7, 2.0, 15.4]
[6.3, 2.7, 4.9, 1.8, 12.6]
[6.7, 3.3, 5.7, 2.1, 13.4]
[7.2, 3.2, 6.0, 1.8, 14.4]
[6.2, 2.8, 4.8, 1.8, 12.4]
[6.1, 3.0, 4.9, 1.8, 12.2]
[6.4, 2.8, 5.6, 2.1, 12.8]
[7.2, 3.0, 5.8, 1.6, 14.4]
[7.4, 2.8, 6.1, 1.9, 14.8]
[7.9, 3.8, 6.4, 2.0, 15.8]
[6.4, 2.8, 5.6, 2.2, 12.8]
[6.3, 2.8, 5.1, 1.5, 12.6]
[6.1, 2.6, 5.6, 1.4, 12.2]
[7.7, 3.0, 6.1, 2.3, 15.4]
[6.3, 3.4, 5.6, 2.4, 12.6]
[6.4, 3.1, 5.5, 1.8, 12.8]
[6.0, 3.0, 4.8, 1.8, 12.0]
[6.9, 3.1, 5.4, 2.1, 13.8]
[6.7, 3.1, 5.6, 2.4, 13.4]
[6.9, 3.1, 5.1, 2.3, 13.8]
[5.8, 2.7, 5.1, 1.9, 11.6]
[6.8, 3.2, 5.9, 2.3, 13.6]
[6.7, 3.3, 5.7, 2.5, 13.4]
[6.7, 3.0, 5.2, 2.3, 13.4]
[6.3, 2.5, 5.0, 1.9, 12.6]
[6.5, 3.0, 5.2, 2.0, 13.0]
[6.2, 3.4, 5.4, 2.3, 12.4]
[5.9, 3.0, 5.1, 1.8, 11.8]
